2022-03-04 18:21:38,765 — root — INFO — <module>:84 — ------Initiating Scanner Job for TIBCO------.
2022-03-04 18:21:38,765 — root — INFO — <module>:87 — Reading the config file.
2022-03-04 18:21:38,766 — root — INFO — <module>:91 — Setting the variables.
2022-03-04 18:21:56,816 — root — INFO — <module>:112 — Job status scan completed
2022-03-04 18:22:06,670 — root — INFO — <module>:116 — Ems log scan completed
2022-03-04 18:22:17,755 — root — INFO — <module>:130 — Email report sent
2022-03-04 18:26:08,918 — root — INFO — <module>:84 — ------Initiating Scanner Job for TIBCO------.
2022-03-04 18:26:08,919 — root — INFO — <module>:87 — Reading the config file.
2022-03-04 18:26:08,919 — root — INFO — <module>:91 — Setting the variables.
2022-03-04 18:27:22,679 — root — INFO — <module>:84 — ------Initiating Scanner Job for TIBCO------.
2022-03-04 18:27:22,679 — root — INFO — <module>:87 — Reading the config file.
2022-03-04 18:27:22,680 — root — INFO — <module>:91 — Setting the variables.
2022-03-04 18:28:16,440 — root — INFO — <module>:84 — ------Initiating Scanner Job for TIBCO------.
2022-03-04 18:28:16,440 — root — INFO — <module>:87 — Reading the config file.
2022-03-04 18:28:16,441 — root — INFO — <module>:91 — Setting the variables.
2022-03-04 18:29:44,251 — root — INFO — <module>:112 — Job status scan completed
2022-03-04 18:29:49,847 — root — INFO — <module>:116 — Ems log scan completed
2022-03-04 18:29:55,707 — root — INFO — <module>:130 — Email report sent
2022-03-04 18:32:29,538 — root — INFO — <module>:84 — ------Initiating Scanner Job for TIBCO------.
2022-03-04 18:32:29,539 — root — INFO — <module>:87 — Reading the config file.
2022-03-04 18:32:29,539 — root — INFO — <module>:91 — Setting the variables.
2022-03-04 18:36:08,596 — root — INFO — <module>:84 — ------Initiating Scanner Job for TIBCO------.
2022-03-04 18:36:08,596 — root — INFO — <module>:87 — Reading the config file.
2022-03-04 18:36:08,597 — root — INFO — <module>:91 — Setting the variables.
2022-03-04 18:37:10,263 — root — INFO — <module>:84 — ------Initiating Scanner Job for TIBCO------.
2022-03-04 18:37:10,263 — root — INFO — <module>:87 — Reading the config file.
2022-03-04 18:37:10,264 — root — INFO — <module>:91 — Setting the variables.
2022-03-04 18:37:10,649 — root — ERROR — <module>:136 — The scanner failed. Exception message : 'interval'
2022-03-04 18:38:15,455 — root — INFO — <module>:84 — ------Initiating Scanner Job for TIBCO------.
2022-03-04 18:38:15,456 — root — INFO — <module>:87 — Reading the config file.
2022-03-04 18:38:15,456 — root — INFO — <module>:91 — Setting the variables.
2022-03-04 18:38:39,328 — root — INFO — <module>:84 — ------Initiating Scanner Job for TIBCO------.
2022-03-04 18:38:39,329 — root — INFO — <module>:87 — Reading the config file.
2022-03-04 18:38:39,329 — root — INFO — <module>:91 — Setting the variables.
2022-03-04 18:39:54,558 — root — INFO — <module>:84 — ------Initiating Scanner Job for TIBCO------.
2022-03-04 18:39:54,558 — root — INFO — <module>:87 — Reading the config file.
2022-03-04 18:39:54,558 — root — INFO — <module>:91 — Setting the variables.
2022-03-04 18:39:54,917 — root — INFO — <module>:112 — Job status scan completed
2022-03-04 18:39:58,178 — root — INFO — <module>:116 — Ems log scan completed
2022-03-04 18:39:58,662 — root — INFO — <module>:130 — Email report sent
2022-03-04 19:05:09,338 — root — INFO — <module>:84 — ------Initiating Scanner Job for TIBCO------.
2022-03-04 19:05:09,338 — root — INFO — <module>:87 — Reading the config file.
2022-03-04 19:05:09,338 — root — INFO — <module>:91 — Setting the variables.
2022-03-04 19:05:09,718 — root — INFO — <module>:112 — Job status scan completed
2022-03-04 19:05:12,987 — root — INFO — <module>:116 — Ems log scan completed
2022-03-04 19:05:13,495 — root — INFO — <module>:130 — Email report sent
2022-03-04 19:13:24,838 — root — INFO — <module>:85 — ------Initiating Scanner Job for TIBCO------.
2022-03-04 19:13:24,838 — root — INFO — <module>:88 — Reading the config file.
2022-03-04 19:13:24,839 — root — INFO — <module>:92 — Setting the variables.
2022-03-04 19:13:25,203 — root — INFO — <module>:115 — Job status scan completed
2022-03-04 19:13:27,836 — root — INFO — <module>:119 — Ems log scan completed
2022-03-04 19:13:28,405 — root — INFO — <module>:133 — Email report sent
2022-03-04 19:13:56,443 — root — INFO — <module>:85 — ------Initiating Scanner Job for TIBCO------.
2022-03-04 19:13:56,444 — root — INFO — <module>:88 — Reading the config file.
2022-03-04 19:13:56,444 — root — INFO — <module>:92 — Setting the variables.
2022-03-04 19:13:56,881 — root — INFO — <module>:115 — Job status scan completed
2022-03-04 19:14:07,347 — root — INFO — <module>:85 — ------Initiating Scanner Job for TIBCO------.
2022-03-04 19:14:07,348 — root — INFO — <module>:88 — Reading the config file.
2022-03-04 19:14:07,348 — root — INFO — <module>:92 — Setting the variables.
2022-03-04 19:14:07,751 — root — INFO — <module>:115 — Job status scan completed
2022-03-04 19:14:19,080 — root — INFO — <module>:85 — ------Initiating Scanner Job for TIBCO------.
2022-03-04 19:14:19,080 — root — INFO — <module>:88 — Reading the config file.
2022-03-04 19:14:19,081 — root — INFO — <module>:92 — Setting the variables.
2022-03-04 19:14:19,472 — root — INFO — <module>:115 — Job status scan completed
2022-03-04 19:14:41,286 — root — INFO — <module>:85 — ------Initiating Scanner Job for TIBCO------.
2022-03-04 19:14:41,286 — root — INFO — <module>:88 — Reading the config file.
2022-03-04 19:14:41,287 — root — INFO — <module>:92 — Setting the variables.
2022-03-04 19:14:41,712 — root — INFO — <module>:115 — Job status scan completed
2022-03-04 19:14:57,024 — root — INFO — <module>:119 — Ems log scan completed
2022-03-04 19:15:02,926 — root — INFO — <module>:133 — Email report sent
2022-03-04 19:20:22,661 — root — INFO — <module>:85 — ------Initiating Scanner Job for TIBCO------.
2022-03-04 19:20:22,661 — root — INFO — <module>:88 — Reading the config file.
2022-03-04 19:20:22,661 — root — INFO — <module>:92 — Setting the variables.
2022-03-04 19:20:23,044 — root — INFO — <module>:115 — Job status scan completed
2022-03-04 19:20:26,040 — root — INFO — <module>:119 — Ems log scan completed
2022-03-04 19:20:26,577 — root — INFO — <module>:133 — Email report sent
2022-03-04 19:21:42,955 — root — INFO — <module>:85 — ------Initiating Scanner Job for TIBCO------.
2022-03-04 19:21:42,955 — root — INFO — <module>:88 — Reading the config file.
2022-03-04 19:21:42,956 — root — INFO — <module>:92 — Setting the variables.
2022-03-04 19:21:43,330 — root — INFO — <module>:115 — Job status scan completed
2022-03-04 19:21:43,331 — root — ERROR — <module>:139 — The scanner failed. Exception message : can only concatenate str (not "int") to str
2022-03-04 19:22:02,192 — root — INFO — <module>:85 — ------Initiating Scanner Job for TIBCO------.
2022-03-04 19:22:02,193 — root — INFO — <module>:88 — Reading the config file.
2022-03-04 19:22:02,193 — root — INFO — <module>:92 — Setting the variables.
2022-03-04 19:22:02,543 — root — INFO — <module>:115 — Job status scan completed
2022-03-04 19:22:05,146 — root — INFO — <module>:119 — Ems log scan completed
2022-03-04 19:22:05,670 — root — INFO — <module>:133 — Email report sent
